<?xml version="1.0" encoding="UTF-8"?>
<!-- Generated by org.testng.reporters.JUnitXMLReporter -->
<testsuite hostname="LAPTOP-HTR85R0L" ignored="16" name="Test" tests="17" failures="2" timestamp="2022-10-10T15:35:53 IST" time="124.286" errors="0">
  <testcase name="bookTicket" time="0.004" classname="Pratice.DataProvider"/>
  <testcase name="bookTicket" time="0.001" classname="Pratice.DataProvider"/>
  <testcase name="bookTicket" time="0.0" classname="Pratice.DataProvider"/>
  <testcase name="bookTicket" time="0.001" classname="Pratice.DataProvider"/>
  <testcase name="bookTicket" time="0.0" classname="Pratice.DataProvider"/>
  <testcase name="createCustomer" time="0.006" classname="Pratice.SoftAssertEX">
    <failure type="java.lang.AssertionError" message="The following asserts failed:
	expected [B] but found [A]">
      <![CDATA[java.lang.AssertionError: The following asserts failed:
expected [B] but found [A]
at Pratice.SoftAssertEX.createCustomer(SoftAssertEX.java:16)
at java.util.ArrayList.forEach(Unknown Source)
... Removed 29 stack frames]]>
    </failure>
  </testcase> <!-- createCustomer -->
  <testcase name="modifyCustomer" time="0.0" classname="Pratice.SoftAssertEX"/>
  <testcase name="createCampaignWithProduct" time="12.696" classname="com.crm.Campaign.CampaignWithProduct"/>
  <testcase name="CreateAndDeleteProductTest" time="5.753" classname="com.crm.Product.CreateAndDeleteProduct"/>
  <testcase name="CreateProductTest" time="5.526" classname="com.crm.Product.CreateProduct"/>
  <testcase name="CreateCampaignTest" time="5.293" classname="com.crm.Campaign.CreateCampaign"/>
  <testcase name="createCustomertest" time="0.001" classname="Pratice.HardAssert">
    <failure type="java.lang.AssertionError" message="expected [B] but found [A]">
      <![CDATA[java.lang.AssertionError: expected [B] but found [A]
at Pratice.HardAssert.createCustomertest(HardAssert.java:12)
at java.util.ArrayList.forEach(Unknown Source)
... Removed 33 stack frames]]>
    </failure>
  </testcase> <!-- createCustomertest -->
  <testcase name="modifyCustomertest" time="0.001" classname="Pratice.HardAssert"/>
  <testcase name="createCustomerTest" time="0.001" classname="Pratice.Demo2"/>
  <testcase name="deleteCustomerTest" time="0.0" classname="Pratice.Demo2"/>
  <testcase name="modifyCustomerTest" time="0.001" classname="Pratice.Demo2"/>
  <testcase name="CreateOrganisationTest" time="5.864" classname="com.crm.Organisation.CreateOrganisation"/>
  <testcase name="@BeforeSuite beforeSuiteTest" time="0.0" classname="com.crm.Generic_Utilities.BaseClass">
    <ignored/>
  </testcase> <!-- @BeforeSuite beforeSuiteTest -->
  <testcase name="@BeforeSuite beforeSuiteTest" time="0.0" classname="com.crm.Generic_Utilities.BaseClass">
    <ignored/>
  </testcase> <!-- @BeforeSuite beforeSuiteTest -->
  <testcase name="@BeforeSuite beforeSuiteTest" time="0.0" classname="com.crm.Generic_Utilities.BaseClass">
    <ignored/>
  </testcase> <!-- @BeforeSuite beforeSuiteTest -->
  <testcase name="@BeforeSuite beforeSuiteTest" time="0.0" classname="com.crm.Generic_Utilities.BaseClass">
    <ignored/>
  </testcase> <!-- @BeforeSuite beforeSuiteTest -->
  <testcase name="@AfterTest afterTest" time="0.0" classname="com.crm.Generic_Utilities.BaseClass">
    <ignored/>
  </testcase> <!-- @AfterTest afterTest -->
  <testcase name="@AfterTest afterTest" time="0.0" classname="com.crm.Generic_Utilities.BaseClass">
    <ignored/>
  </testcase> <!-- @AfterTest afterTest -->
  <testcase name="@AfterTest afterTest" time="0.0" classname="com.crm.Generic_Utilities.BaseClass">
    <ignored/>
  </testcase> <!-- @AfterTest afterTest -->
  <testcase name="@AfterTest afterTest" time="0.0" classname="com.crm.Generic_Utilities.BaseClass">
    <ignored/>
  </testcase> <!-- @AfterTest afterTest -->
  <testcase name="@AfterSuite afterSuite" time="0.0" classname="com.crm.Generic_Utilities.BaseClass">
    <ignored/>
  </testcase> <!-- @AfterSuite afterSuite -->
  <testcase name="@AfterSuite afterSuite" time="0.0" classname="com.crm.Generic_Utilities.BaseClass">
    <ignored/>
  </testcase> <!-- @AfterSuite afterSuite -->
  <testcase name="@AfterSuite afterSuite" time="0.0" classname="com.crm.Generic_Utilities.BaseClass">
    <ignored/>
  </testcase> <!-- @AfterSuite afterSuite -->
  <testcase name="@AfterSuite afterSuite" time="0.0" classname="com.crm.Generic_Utilities.BaseClass">
    <ignored/>
  </testcase> <!-- @AfterSuite afterSuite -->
  <testcase name="@BeforeTest beforeTest" time="0.0" classname="com.crm.Generic_Utilities.BaseClass">
    <ignored/>
  </testcase> <!-- @BeforeTest beforeTest -->
  <testcase name="@BeforeTest beforeTest" time="0.0" classname="com.crm.Generic_Utilities.BaseClass">
    <ignored/>
  </testcase> <!-- @BeforeTest beforeTest -->
  <testcase name="@BeforeTest beforeTest" time="0.0" classname="com.crm.Generic_Utilities.BaseClass">
    <ignored/>
  </testcase> <!-- @BeforeTest beforeTest -->
  <testcase name="@BeforeTest beforeTest" time="0.0" classname="com.crm.Generic_Utilities.BaseClass">
    <ignored/>
  </testcase> <!-- @BeforeTest beforeTest -->
</testsuite> <!-- Test -->
