<?xml version="1.0" encoding="UTF-8"?>
<!-- Generated by org.testng.reporters.JUnitXMLReporter -->
<testsuite hostname="LAPTOP-HTR85R0L" ignored="0" name="Default test" tests="3" failures="0" timestamp="2022-10-14T12:05:26 IST" time="38.237" errors="0">
  <testcase name="LeadDetails" time="13.159" classname="com.crm.Lead.CreateLeadUsingDataProvider"/>
  <testcase name="LeadDetails" time="11.611" classname="com.crm.Lead.CreateLeadUsingDataProvider"/>
  <testcase name="LeadDetails" time="13.415" classname="com.crm.Lead.CreateLeadUsingDataProvider"/>
</testsuite> <!-- Default test -->
